<?xml version="1.0" encoding="UTF-8"?>
<!-- Generated by org.testng.reporters.JUnitXMLReporter -->
<testsuite hostname="WIN-KRM4LUACSDE" name="Test" tests="4" failures="0" timestamp="2 Oct 2016 10:38:04 GMT" time="18.011" errors="0">
  <testcase name="invalidName" time="0.658" classname="lin.ma.Test01Login"/>
  <testcase name="invalidPWD" time="0.691" classname="lin.ma.Test01Login"/>
  <testcase name="validNameAndPwd" time="0.735" classname="lin.ma.Test01Login"/>
  <testcase name="DeleteData" time="3.251" classname="lin.ma.Test02DeleteData"/>
</testsuite> <!-- Test -->
