<?xml version="1.0" encoding="UTF-8"?>
<testng-results skipped="0" failed="0" total="1" passed="1">
  <reporter-output>
  </reporter-output>
  <suite name="Default suite" duration-ms="8497" started-at="2016-10-07T05:56:48Z" finished-at="2016-10-07T05:56:57Z">
    <groups>
    </groups>
    <test name="Default test" duration-ms="8497" started-at="2016-10-07T05:56:48Z" finished-at="2016-10-07T05:56:57Z">
      <class name="lin.ma.Test02DeleteData">
        <test-method status="PASS" signature="beforeMethod()[pri:0, instance:lin.ma.Test02DeleteData@2cfb4a64]" name="beforeMethod" is-config="true" duration-ms="4271" started-at="2016-10-07T13:56:48Z" finished-at="2016-10-07T13:56:52Z">
          <reporter-output>
          </reporter-output>
        </test-method> <!-- beforeMethod -->
        <test-method status="PASS" signature="DeleteData()[pri:0, instance:lin.ma.Test02DeleteData@2cfb4a64]" name="DeleteData" duration-ms="3585" started-at="2016-10-07T13:56:52Z" finished-at="2016-10-07T13:56:56Z">
          <reporter-output>
          </reporter-output>
        </test-method> <!-- DeleteData -->
        <test-method status="PASS" signature="afterMethod()[pri:0, instance:lin.ma.Test02DeleteData@2cfb4a64]" name="afterMethod" is-config="true" duration-ms="617" started-at="2016-10-07T13:56:56Z" finished-at="2016-10-07T13:56:57Z">
          <reporter-output>
          </reporter-output>
        </test-method> <!-- afterMethod -->
      </class> <!-- lin.ma.Test02DeleteData -->
    </test> <!-- Default test -->
  </suite> <!-- Default suite -->
</testng-results>
